<?xml version="1.0" encoding="UTF-8"?>
<testsuite name="MoodAnalyserTest" tests="3" skipped="0" failures="0" errors="0" timestamp="2020-04-30T04:43:20" hostname="LAPTOP-VMLRSS4V" time="0.004">
  <properties/>
  <testcase name="givenMessage_ifSad_shouldReturnSad" classname="MoodAnalyserTest" time="0.003"/>
  <testcase name="givenMessage_ifNotSadAndAny_shouldReturnNull" classname="MoodAnalyserTest" time="0.0"/>
  <testcase name="givenMessage_ifAny_shouldReturnHappy" classname="MoodAnalyserTest" time="0.0"/>
  <system-out><![CDATA[]]></system-out>
  <system-err><![CDATA[]]></system-err>
</testsuite>
